SF:lib\src\services\coin_service.dart
DA:8,0
LF:1
LH:0
end_of_record
SF:lib\src\blocs\coins_bloc\coins_bloc.dart
DA:10,3
DA:11,2
DA:13,2
DA:14,3
DA:15,1
DA:18,1
DA:19,2
DA:21,2
LF:8
LH:8
end_of_record
SF:lib\src\blocs\coins_bloc\coins_event.dart
DA:4,0
DA:5,0
DA:11,2
DA:12,0
DA:13,0
LF:5
LH:1
end_of_record
SF:lib\src\blocs\coins_bloc\coins_state.dart
DA:6,1
DA:7,1
DA:16,2
DA:17,1
DA:18,2
DA:23,2
DA:24,1
DA:25,2
LF:8
LH:8
end_of_record
SF:lib\src\models\coins.dart
DA:19,1
DA:38,1
DA:39,1
DA:40,1
DA:41,1
DA:42,1
DA:43,1
DA:44,1
DA:45,1
DA:46,1
DA:47,1
DA:48,1
DA:49,1
DA:50,1
DA:51,1
DA:52,1
DA:53,1
DA:54,1
DA:55,2
DA:59,0
DA:60,0
DA:61,0
DA:62,0
DA:63,0
DA:64,0
DA:65,0
DA:66,0
DA:67,0
DA:68,0
DA:69,0
DA:70,0
DA:71,0
DA:72,0
DA:73,0
DA:74,0
DA:75,0
DA:76,0
LF:37
LH:19
end_of_record
SF:lib\src\widgets\coin_card.dart
DA:13,2
DA:21,2
DA:23,2
DA:24,2
DA:25,2
DA:26,2
DA:27,2
DA:29,2
DA:30,2
DA:32,2
DA:33,2
DA:34,2
DA:37,2
DA:41,2
DA:42,2
DA:43,2
DA:44,2
DA:46,2
DA:47,2
DA:48,6
DA:50,2
DA:51,14
DA:52,2
DA:53,8
DA:54,2
DA:55,6
LF:26
LH:26
end_of_record
SF:lib\src\routes\app_route.dart
DA:10,1
DA:11,1
DA:12,1
DA:13,0
DA:14,1
DA:15,1
DA:16,3
DA:18,0
DA:19,0
LF:9
LH:6
end_of_record
SF:lib\src\screens\detail_screen\detail_screen.dart
DA:9,1
DA:11,1
DA:12,1
DA:16,1
DA:18,1
DA:21,1
DA:25,1
DA:26,1
DA:27,1
DA:28,1
DA:31,1
DA:33,1
DA:38,1
DA:41,1
DA:42,1
DA:46,0
DA:49,1
DA:50,1
DA:51,1
DA:54,1
DA:55,1
DA:58,1
DA:61,1
DA:62,1
DA:63,1
DA:64,1
LF:26
LH:25
end_of_record
SF:lib\src\screens\home_screen\home_screen.dart
DA:15,1
DA:16,1
DA:28,1
DA:30,1
DA:31,0
DA:32,0
DA:33,0
DA:34,0
DA:35,0
DA:38,1
DA:40,1
DA:41,1
DA:42,1
DA:43,1
DA:44,1
DA:45,1
DA:46,1
DA:47,1
DA:48,1
DA:49,1
DA:50,1
DA:51,2
DA:53,2
DA:58,1
DA:60,1
DA:61,1
DA:62,1
DA:64,1
DA:65,1
DA:67,1
DA:68,1
DA:69,1
DA:70,1
DA:71,1
DA:72,1
DA:73,1
DA:74,1
DA:76,1
DA:77,1
DA:78,1
DA:79,1
DA:80,1
DA:81,1
DA:82,2
DA:83,1
DA:86,1
DA:87,2
DA:89,1
DA:90,1
DA:91,1
DA:92,1
DA:93,3
DA:94,3
DA:95,3
DA:96,2
DA:97,1
DA:99,2
DA:100,1
DA:102,1
DA:103,1
DA:106,2
DA:114,1
DA:115,1
DA:116,1
DA:119,1
DA:120,1
DA:123,1
DA:124,2
DA:125,1
DA:126,1
DA:127,1
DA:128,1
DA:132,1
DA:133,1
DA:134,2
DA:135,1
DA:139,1
DA:145,2
LF:78
LH:73
end_of_record
SF:lib\src\screens\not_found_screen\not_found_screen.dart
DA:4,0
DA:6,0
LF:2
LH:0
end_of_record
SF:lib\src\widgets\search_bar.dart
DA:9,1
DA:11,1
DA:12,1
DA:16,2
DA:18,1
DA:22,1
DA:23,1
DA:25,2
DA:26,1
DA:28,1
DA:29,1
DA:30,1
DA:35,1
DA:36,1
DA:37,1
DA:38,1
DA:39,1
DA:43,1
DA:44,1
DA:53,1
DA:54,2
DA:57,4
DA:58,1
DA:59,1
DA:60,1
DA:61,3
DA:62,1
DA:63,1
DA:64,1
DA:65,3
DA:68,1
DA:69,1
DA:71,1
DA:74,1
DA:75,1
DA:76,1
DA:77,1
DA:78,1
DA:79,1
DA:80,1
DA:82,1
DA:83,1
DA:84,1
DA:85,1
DA:86,0
DA:87,0
DA:89,1
DA:90,1
DA:91,3
DA:101,1
DA:102,1
LF:51
LH:49
end_of_record
