SF:lib/src/services/coin_service.dart
DA:8,0
LF:1
LH:0
end_of_record
SF:lib/src/blocs/coins_bloc/coins_bloc.dart
DA:11,3
DA:14,1
DA:15,1
DA:17,2
DA:18,3
DA:19,1
DA:22,1
DA:23,2
DA:25,3
LF:9
LH:9
end_of_record
SF:lib/src/blocs/coins_bloc/coins_event.dart
DA:4,0
DA:5,0
DA:11,1
DA:12,0
DA:13,0
LF:5
LH:1
end_of_record
SF:lib/src/blocs/coins_bloc/coins_state.dart
DA:6,1
DA:7,1
DA:16,1
DA:17,1
DA:18,2
DA:23,1
LF:6
LH:6
end_of_record
SF:lib/src/widgets/coin_card.dart
DA:13,1
DA:21,1
DA:23,1
DA:24,1
DA:25,1
DA:26,1
DA:27,1
DA:29,1
DA:30,1
DA:32,1
DA:33,1
DA:34,1
DA:37,1
DA:41,1
DA:42,1
DA:43,1
DA:44,2
DA:46,1
DA:47,1
DA:48,3
DA:50,1
DA:51,7
DA:52,1
DA:53,4
DA:54,1
DA:55,3
LF:26
LH:26
end_of_record
SF:lib/src/models/coins.dart
DA:19,0
DA:38,0
DA:39,0
DA:40,0
DA:41,0
DA:42,0
DA:43,0
DA:44,0
DA:45,0
DA:46,0
DA:47,0
DA:48,0
DA:49,0
DA:50,0
DA:51,0
DA:52,0
DA:53,0
DA:54,0
DA:55,0
DA:59,0
DA:60,0
DA:61,0
DA:62,0
DA:63,0
DA:64,0
DA:65,0
DA:66,0
DA:67,0
DA:68,0
DA:69,0
DA:70,0
DA:71,0
DA:72,0
DA:73,0
DA:74,0
DA:75,0
DA:76,0
LF:37
LH:0
end_of_record
